<?xml version="1.0" encoding="UTF-8"?>
<!-- Generated by org.testng.reporters.JUnitReportReporter -->
<testsuite hostname="LAPTOP-SNVFU3HC" failures="0" tests="6" name="api.test.DDTests" time="37.579" errors="0" timestamp="2025-04-06T15:02:38 IST" skipped="0">
  <testcase classname="api.test.DDTests" name="testPostuser" time="1.082"/>
  <testcase classname="api.test.DDTests" name="testPostuser" time="1.105"/>
  <testcase classname="api.test.DDTests" name="testPostuser" time="2.192"/>
  <testcase classname="api.test.DDTests" name="testDeleteUserByName" time="11.067"/>
  <testcase classname="api.test.DDTests" name="testDeleteUserByName" time="11.080"/>
  <testcase classname="api.test.DDTests" name="testDeleteUserByName" time="11.053"/>
</testsuite> <!-- api.test.DDTests -->
