<?xml version="1.0" encoding="UTF-8"?>
<!-- Generated by org.testng.reporters.JUnitReportReporter -->
<testsuite hostname="LAPTOP-SNVFU3HC" failures="0" tests="4" name="api.test.UserTests2" time="37.276" errors="0" timestamp="2025-04-07T13:31:24 IST" skipped="0">
  <testcase classname="api.test.UserTests2" name="testPostUser" time="12.210"/>
  <testcase classname="api.test.UserTests2" name="testGetUserbyName" time="11.276"/>
  <testcase classname="api.test.UserTests2" name="testUpdateUser" time="12.552"/>
  <testcase classname="api.test.UserTests2" name="testDeleteUserbyName" time="1.238"/>
</testsuite> <!-- api.test.UserTests2 -->
