<?xml version="1.0" encoding="UTF-8"?>
<!-- Generated by org.testng.reporters.JUnitReportReporter -->
<testsuite hostname="LAPTOP-SNVFU3HC" failures="0" tests="4" name="api.test.UserTests" time="22.065" errors="0" timestamp="2025-04-07T14:01:27 IST" skipped="0">
  <testcase classname="api.test.UserTests" name="testPostUser" time="2.224"/>
  <testcase classname="api.test.UserTests" name="testGetUserbyName" time="6.091"/>
  <testcase classname="api.test.UserTests" name="testUpdateUser" time="12.492"/>
  <testcase classname="api.test.UserTests" name="testDeleteUserbyName" time="1.258"/>
</testsuite> <!-- api.test.UserTests -->
